# JRE version: OpenJDK Runtime Environment Temurin-21.0.7+6 (21.0.7+6) (build 21.0.7+6-LTS)
# Java VM: OpenJDK 64-Bit Server VM Temurin-21.0.7+6 (21.0.7+6-LTS, mixed mode, sharing, tiered, compressed oops, compressed class ptrs, g1 gc, windows-amd64)
GC Precious Log:
 CardTable entry size: 512
 Card Set container configuration: InlinePtr #cards 5 size 8 Array Of Cards #cards 12 size 40 Howl #buckets 4 coarsen threshold 1843 Howl Bitmap #cards 512 size 80 coarsen threshold 460 Card regions per heap region 1 cards per card region 2048
 CPUs: 4 total, 4 available
 Memory: 8109M
 Large Page Support: Disabled
 NUMA Support: Disabled
 Compressed Oops: Enabled (32-bit)
 Heap Region Size: 1M
 Heap Min Capacity: 8M
 Heap Initial Capacity: 128M
 Heap Max Capacity: 2028M
 Pre-touch: Disabled
 Parallel Workers: 4
 Concurrent Workers: 1
 Concurrent Refinement Workers: 4
 Periodic GC: Disabled
Heap:
 garbage-first heap   total 66560K, used 41331K [0x0000000081400000, 0x0000000100000000)
  region size 1024K, 12 young (12288K), 2 survivors (2048K)
 Metaspace       used 61512K, committed 62144K, reserved 1114112K
  class space    used 8296K, committed 8576K, reserved 1048576K
GC Heap History (20 events):
Event: 1.622 GC heap before
{Heap before GC invocations=2 (full 0):
 garbage-first heap   total 131072K, used 40183K [0x0000000081400000, 0x0000000100000000)
  region size 1024K, 34 young (34816K), 2 survivors (2048K)
 Metaspace       used 14836K, committed 15168K, reserved 1114112K
  class space    used 1861K, committed 1984K, reserved 1048576K
}
Event: 1.628 GC heap after
{Heap after GC invocations=3 (full 0):
 garbage-first heap   total 131072K, used 11034K [0x0000000081400000, 0x0000000100000000)
  region size 1024K, 4 young (4096K), 4 survivors (4096K)
 Metaspace       used 14836K, committed 15168K, reserved 1114112K
  class space    used 1861K, committed 1984K, reserved 1048576K
}
Event: 2.702 GC heap before
{Heap before GC invocations=3 (full 0):
 garbage-first heap   total 131072K, used 48922K [0x0000000081400000, 0x0000000100000000)
  region size 1024K, 43 young (44032K), 4 survivors (4096K)
 Metaspace       used 21133K, committed 21504K, reserved 1114112K
  class space    used 2568K, committed 2752K, reserved 1048576K
}
Event: 2.713 GC heap after
{Heap after GC invocations=4 (full 0):
 garbage-first heap   total 131072K, used 14870K [0x0000000081400000, 0x0000000100000000)
  region size 1024K, 8 young (8192K), 8 survivors (8192K)
 Metaspace       used 21133K, committed 21504K, reserved 1114112K
  class space    used 2568K, committed 2752K, reserved 1048576K
}
Event: 3.668 GC heap before
{Heap before GC invocations=5 (full 0):
 garbage-first heap   total 55296K, used 39446K [0x0000000081400000, 0x0000000100000000)
  region size 1024K, 32 young (32768K), 8 survivors (8192K)
 Metaspace       used 25804K, committed 26240K, reserved 1114112K
  class space    used 3265K, committed 3456K, reserved 1048576K
}
Event: 3.686 GC heap after
{Heap after GC invocations=6 (full 0):
 garbage-first heap   total 55296K, used 16529K [0x0000000081400000, 0x0000000100000000)
  region size 1024K, 2 young (2048K), 2 survivors (2048K)
 Metaspace       used 25804K, committed 26240K, reserved 1114112K
  class space    used 3265K, committed 3456K, reserved 1048576K
}
Event: 4.714 GC heap before
{Heap before GC invocations=6 (full 0):
 garbage-first heap   total 55296K, used 43153K [0x0000000081400000, 0x0000000100000000)
  region size 1024K, 28 young (28672K), 2 survivors (2048K)
 Metaspace       used 32963K, committed 33408K, reserved 1114112K
  class space    used 4214K, committed 4416K, reserved 1048576K
}
Event: 4.722 GC heap after
{Heap after GC invocations=7 (full 0):
 garbage-first heap   total 55296K, used 19456K [0x0000000081400000, 0x0000000100000000)
  region size 1024K, 4 young (4096K), 4 survivors (4096K)
 Metaspace       used 32963K, committed 33408K, reserved 1114112K
  class space    used 4214K, committed 4416K, reserved 1048576K
}
Event: 4.959 GC heap before
{Heap before GC invocations=7 (full 0):
 garbage-first heap   total 55296K, used 26624K [0x0000000081400000, 0x0000000100000000)
  region size 1024K, 12 young (12288K), 4 survivors (4096K)
 Metaspace       used 35497K, committed 35968K, reserved 1114112K
  class space    used 4535K, committed 4736K, reserved 1048576K
}
Event: 4.970 GC heap after
{Heap after GC invocations=8 (full 0):
 garbage-first heap   total 55296K, used 20795K [0x0000000081400000, 0x0000000100000000)
  region size 1024K, 1 young (1024K), 1 survivors (1024K)
 Metaspace       used 35497K, committed 35968K, reserved 1114112K
  class space    used 4535K, committed 4736K, reserved 1048576K
}
Event: 5.531 GC heap before
{Heap before GC invocations=9 (full 0):
 garbage-first heap   total 55296K, used 44347K [0x0000000081400000, 0x0000000100000000)
  region size 1024K, 25 young (25600K), 1 survivors (1024K)
 Metaspace       used 41264K, committed 41792K, reserved 1114112K
  class space    used 5350K, committed 5568K, reserved 1048576K
}
Event: 5.540 GC heap after
{Heap after GC invocations=10 (full 0):
 garbage-first heap   total 55296K, used 23665K [0x0000000081400000, 0x0000000100000000)
  region size 1024K, 4 young (4096K), 4 survivors (4096K)
 Metaspace       used 41264K, committed 41792K, reserved 1114112K
  class space    used 5350K, committed 5568K, reserved 1048576K
}
Event: 6.187 GC heap before
{Heap before GC invocations=10 (full 0):
 garbage-first heap   total 55296K, used 45169K [0x0000000081400000, 0x0000000100000000)
  region size 1024K, 26 young (26624K), 4 survivors (4096K)
 Metaspace       used 45999K, committed 46656K, reserved 1114112K
  class space    used 6013K, committed 6336K, reserved 1048576K
}
Event: 6.194 GC heap after
{Heap after GC invocations=11 (full 0):
 garbage-first heap   total 55296K, used 25300K [0x0000000081400000, 0x0000000100000000)
  region size 1024K, 3 young (3072K), 3 survivors (3072K)
 Metaspace       used 45999K, committed 46656K, reserved 1114112K
  class space    used 6013K, committed 6336K, reserved 1048576K
}
Event: 6.776 GC heap before
{Heap before GC invocations=11 (full 0):
 garbage-first heap   total 55296K, used 45780K [0x0000000081400000, 0x0000000100000000)
  region size 1024K, 23 young (23552K), 3 survivors (3072K)
 Metaspace       used 50126K, committed 50752K, reserved 1114112K
  class space    used 6542K, committed 6848K, reserved 1048576K
}
Event: 6.783 GC heap after
{Heap after GC invocations=12 (full 0):
 garbage-first heap   total 66560K, used 27787K [0x0000000081400000, 0x0000000100000000)
  region size 1024K, 3 young (3072K), 3 survivors (3072K)
 Metaspace       used 50126K, committed 50752K, reserved 1114112K
  class space    used 6542K, committed 6848K, reserved 1048576K
}
Event: 15.667 GC heap before
{Heap before GC invocations=12 (full 0):
 garbage-first heap   total 66560K, used 54411K [0x0000000081400000, 0x0000000100000000)
  region size 1024K, 30 young (30720K), 3 survivors (3072K)
 Metaspace       used 56173K, committed 56832K, reserved 1114112K
  class space    used 7392K, committed 7680K, reserved 1048576K
}
Event: 15.675 GC heap after
{Heap after GC invocations=13 (full 0):
 garbage-first heap   total 66560K, used 30645K [0x0000000081400000, 0x0000000100000000)
  region size 1024K, 3 young (3072K), 3 survivors (3072K)
 Metaspace       used 56173K, committed 56832K, reserved 1114112K
  class space    used 7392K, committed 7680K, reserved 1048576K
}
Event: 16.576 GC heap before
{Heap before GC invocations=13 (full 0):
 garbage-first heap   total 66560K, used 44981K [0x0000000081400000, 0x0000000100000000)
  region size 1024K, 19 young (19456K), 3 survivors (3072K)
 Metaspace       used 59442K, committed 60160K, reserved 1114112K
  class space    used 7907K, committed 8256K, reserved 1048576K
}
Event: 16.582 GC heap after
{Heap after GC invocations=14 (full 0):
 garbage-first heap   total 66560K, used 32115K [0x0000000081400000, 0x0000000100000000)
  region size 1024K, 2 young (2048K), 2 survivors (2048K)
 Metaspace       used 59442K, committed 60160K, reserved 1114112K
  class space    used 7907K, committed 8256K, reserved 1048576K
}

