# JRE version: OpenJDK Runtime Environment Temurin-21.0.7+6 (21.0.7+6) (build 21.0.7+6-LTS)
# Java VM: OpenJDK 64-Bit Server VM Temurin-21.0.7+6 (21.0.7+6-LTS, mixed mode, sharing, tiered, compressed oops, compressed class ptrs, g1 gc, windows-amd64)
GC Precious Log:
 CardTable entry size: 512
 Card Set container configuration: InlinePtr #cards 5 size 8 Array Of Cards #cards 12 size 40 Howl #buckets 4 coarsen threshold 1843 Howl Bitmap #cards 512 size 80 coarsen threshold 460 Card regions per heap region 1 cards per card region 2048
 CPUs: 4 total, 4 available
 Memory: 8109M
 Large Page Support: Disabled
 NUMA Support: Disabled
 Compressed Oops: Enabled (32-bit)
 Heap Region Size: 1M
 Heap Min Capacity: 8M
 Heap Initial Capacity: 128M
 Heap Max Capacity: 2028M
 Pre-touch: Disabled
 Parallel Workers: 4
 Concurrent Workers: 1
 Concurrent Refinement Workers: 4
 Periodic GC: Disabled
Heap:
 garbage-first heap   total 56320K, used 32392K [0x0000000081400000, 0x0000000100000000)
  region size 1024K, 2 young (2048K), 1 survivors (1024K)
 Metaspace       used 63376K, committed 64128K, reserved 1114112K
  class space    used 8441K, committed 8768K, reserved 1048576K
GC Heap History (20 events):
Event: 6.194 GC heap before
{Heap before GC invocations=9 (full 0):
 garbage-first heap   total 51200K, used 41216K [0x0000000081400000, 0x0000000100000000)
  region size 1024K, 23 young (23552K), 2 survivors (2048K)
 Metaspace       used 40724K, committed 41280K, reserved 1114112K
  class space    used 5237K, committed 5504K, reserved 1048576K
}
Event: 6.203 GC heap after
{Heap after GC invocations=10 (full 0):
 garbage-first heap   total 51200K, used 23185K [0x0000000081400000, 0x0000000100000000)
  region size 1024K, 3 young (3072K), 3 survivors (3072K)
 Metaspace       used 40724K, committed 41280K, reserved 1114112K
  class space    used 5237K, committed 5504K, reserved 1048576K
}
Event: 6.936 GC heap before
{Heap before GC invocations=10 (full 0):
 garbage-first heap   total 51200K, used 41617K [0x0000000081400000, 0x0000000100000000)
  region size 1024K, 22 young (22528K), 3 survivors (3072K)
 Metaspace       used 44061K, committed 44672K, reserved 1114112K
  class space    used 5727K, committed 6016K, reserved 1048576K
}
Event: 6.942 GC heap after
{Heap after GC invocations=11 (full 0):
 garbage-first heap   total 51200K, used 24557K [0x0000000081400000, 0x0000000100000000)
  region size 1024K, 3 young (3072K), 3 survivors (3072K)
 Metaspace       used 44061K, committed 44672K, reserved 1114112K
  class space    used 5727K, committed 6016K, reserved 1048576K
}
Event: 7.599 GC heap before
{Heap before GC invocations=11 (full 0):
 garbage-first heap   total 51200K, used 41965K [0x0000000081400000, 0x0000000100000000)
  region size 1024K, 21 young (21504K), 3 survivors (3072K)
 Metaspace       used 48729K, committed 49280K, reserved 1114112K
  class space    used 6349K, committed 6592K, reserved 1048576K
}
Event: 7.605 GC heap after
{Heap after GC invocations=12 (full 0):
 garbage-first heap   total 51200K, used 26248K [0x0000000081400000, 0x0000000100000000)
  region size 1024K, 2 young (2048K), 2 survivors (2048K)
 Metaspace       used 48729K, committed 49280K, reserved 1114112K
  class space    used 6349K, committed 6592K, reserved 1048576K
}
Event: 8.308 GC heap before
{Heap before GC invocations=12 (full 0):
 garbage-first heap   total 51200K, used 43656K [0x0000000081400000, 0x0000000100000000)
  region size 1024K, 19 young (19456K), 2 survivors (2048K)
 Metaspace       used 51767K, committed 52352K, reserved 1114112K
  class space    used 6791K, committed 7040K, reserved 1048576K
}
Event: 8.314 GC heap after
{Heap after GC invocations=13 (full 0):
 garbage-first heap   total 51200K, used 28506K [0x0000000081400000, 0x0000000100000000)
  region size 1024K, 3 young (3072K), 3 survivors (3072K)
 Metaspace       used 51767K, committed 52352K, reserved 1114112K
  class space    used 6791K, committed 7040K, reserved 1048576K
}
Event: 14.247 GC heap before
{Heap before GC invocations=14 (full 0):
 garbage-first heap   total 51200K, used 43866K [0x0000000081400000, 0x0000000100000000)
  region size 1024K, 18 young (18432K), 3 survivors (3072K)
 Metaspace       used 54973K, committed 55680K, reserved 1114112K
  class space    used 7222K, committed 7552K, reserved 1048576K
}
Event: 14.254 GC heap after
{Heap after GC invocations=15 (full 0):
 garbage-first heap   total 51200K, used 30103K [0x0000000081400000, 0x0000000100000000)
  region size 1024K, 2 young (2048K), 2 survivors (2048K)
 Metaspace       used 54973K, committed 55680K, reserved 1114112K
  class space    used 7222K, committed 7552K, reserved 1048576K
}
Event: 15.176 GC heap before
{Heap before GC invocations=15 (full 0):
 garbage-first heap   total 51200K, used 43415K [0x0000000081400000, 0x0000000100000000)
  region size 1024K, 16 young (16384K), 2 survivors (2048K)
 Metaspace       used 58003K, committed 58688K, reserved 1114112K
  class space    used 7695K, committed 8000K, reserved 1048576K
}
Event: 15.181 GC heap after
{Heap after GC invocations=16 (full 0):
 garbage-first heap   total 51200K, used 31249K [0x0000000081400000, 0x0000000100000000)
  region size 1024K, 2 young (2048K), 2 survivors (2048K)
 Metaspace       used 58003K, committed 58688K, reserved 1114112K
  class space    used 7695K, committed 8000K, reserved 1048576K
}
Event: 15.744 GC heap before
{Heap before GC invocations=16 (full 0):
 garbage-first heap   total 51200K, used 44561K [0x0000000081400000, 0x0000000100000000)
  region size 1024K, 16 young (16384K), 2 survivors (2048K)
 Metaspace       used 61430K, committed 62208K, reserved 1114112K
  class space    used 8274K, committed 8640K, reserved 1048576K
}
Event: 15.751 GC heap after
{Heap after GC invocations=17 (full 0):
 garbage-first heap   total 51200K, used 32411K [0x0000000081400000, 0x0000000100000000)
  region size 1024K, 2 young (2048K), 2 survivors (2048K)
 Metaspace       used 61430K, committed 62208K, reserved 1114112K
  class space    used 8274K, committed 8640K, reserved 1048576K
}
Event: 29.259 GC heap before
{Heap before GC invocations=18 (full 0):
 garbage-first heap   total 56320K, used 42651K [0x0000000081400000, 0x0000000100000000)
  region size 1024K, 13 young (13312K), 2 survivors (2048K)
 Metaspace       used 62793K, committed 63488K, reserved 1114112K
  class space    used 8452K, committed 8768K, reserved 1048576K
}
Event: 29.262 GC heap after
{Heap after GC invocations=19 (full 0):
 garbage-first heap   total 56320K, used 32999K [0x0000000081400000, 0x0000000100000000)
  region size 1024K, 2 young (2048K), 2 survivors (2048K)
 Metaspace       used 62793K, committed 63488K, reserved 1114112K
  class space    used 8452K, committed 8768K, reserved 1048576K
}
Event: 30.920 GC heap before
{Heap before GC invocations=19 (full 0):
 garbage-first heap   total 56320K, used 48359K [0x0000000081400000, 0x0000000100000000)
  region size 1024K, 18 young (18432K), 2 survivors (2048K)
 Metaspace       used 63215K, committed 63936K, reserved 1114112K
  class space    used 8453K, committed 8768K, reserved 1048576K
}
Event: 30.925 GC heap after
{Heap after GC invocations=20 (full 0):
 garbage-first heap   total 56320K, used 32392K [0x0000000081400000, 0x0000000100000000)
  region size 1024K, 1 young (1024K), 1 survivors (1024K)
 Metaspace       used 63215K, committed 63936K, reserved 1114112K
  class space    used 8453K, committed 8768K, reserved 1048576K
}
Event: 32.934 GC heap before
{Heap before GC invocations=20 (full 0):
 garbage-first heap   total 56320K, used 49800K [0x0000000081400000, 0x0000000100000000)
  region size 1024K, 19 young (19456K), 1 survivors (1024K)
 Metaspace       used 63413K, committed 64128K, reserved 1114112K
  class space    used 8453K, committed 8768K, reserved 1048576K
}
Event: 32.936 GC heap after
{Heap after GC invocations=21 (full 0):
 garbage-first heap   total 56320K, used 32392K [0x0000000081400000, 0x0000000100000000)
  region size 1024K, 1 young (1024K), 1 survivors (1024K)
 Metaspace       used 63413K, committed 64128K, reserved 1114112K
  class space    used 8453K, committed 8768K, reserved 1048576K
}

